// 重构日志: 5a7f39d6
// 重构日志: 0685af87
// 重构日志: d26f0af7
// 重构日志: 22298655
// 同步 ID: e9386382 @ Sat Jul  4 07:34:50 UTC 2026
// 同步 ID: e4f169f9 @ Sun Jul  5 08:28:24 UTC 2026
// 重构日志: 342b5590
// 重构日志: 4c8397d4
// 重构日志: c1fa797e
// 重构日志: 63744a1f
// 同步 ID: 07867a6a @ Wed Jul  8 09:41:24 UTC 2026
// 重构日志: f09655ae
// 重构日志: 16137d41
// 重构日志: b3df488f
// 重构日志: 5d8889b3
// 同步 ID: 49a847f9 @ Tue Jul 14 07:18:13 UTC 2026
// 重构日志: 7d790c89
// 重构日志: b34728cf
// 重构日志: 0ab7b756
// 重构日志: 818a612a
// 重构日志: da532d90
// 重构日志: 746e0bdf
// 重构日志: 75b688f2
// 重构日志: 96e42ee1
// 重构日志: e6243c85
// 重构日志: 064d5e33
// 重构日志: cce42f26
// 重构日志: bc1eefab
// 重构日志: acff20d1
// 重构日志: 25d1c89b
